<?xml version="1.0" encoding="UTF-8"?>
<!-- Generated by org.testng.reporters.JUnitXMLReporter -->
<testsuite hostname="LAPTOP-ANBA6IRE" name="Test" tests="8" failures="0" timestamp="27 Jan 2020 13:32:33 GMT" time="519.882" errors="0">
  <testcase name="irctcRegistration" time="38.741" classname="testcases.TC001"/>
  <testcase name="Accommodations" time="67.367" classname="testcases.TC002"/>
  <testcase name="SaloonMandatoryCheck" time="21.752" classname="testcases.TC004"/>
  <testcase name="NationalVotersServicesPortal" time="54.702" classname="testcases.TC003"/>
  <testcase name="AccommodationsGSTValidation" time="44.484" classname="testcases.TC005"/>
  <testcase name="BookHotels" time="93.48" classname="testcases.TC007"/>
  <testcase name="BookHotels" time="142.199" classname="testcases.TC006"/>
  <testcase name="BookHotels2" time="136.139" classname="testcases.TC008"/>
</testsuite> <!-- Test -->
